# JRE version: 7.0_13-b20
# Java VM: OpenJDK 64-Bit Server VM (23.7-b01 mixed mode linux-amd64 compressed oops)
Heap
 PSYoungGen      total 121920K, used 112752K [0x00000000f5560000, 0x00000000ff540000, 0x0000000100000000)
  eden space 102528K, 96% used [0x00000000f5560000,0x00000000fb65ca88,0x00000000fb980000)
  from space 19392K, 69% used [0x00000000fb980000,0x00000000fc69f918,0x00000000fcc70000)
  to   space 20032K, 0% used [0x00000000fe1b0000,0x00000000fe1b0000,0x00000000ff540000)
 ParOldGen       total 60160K, used 33592K [0x00000000e0000000, 0x00000000e3ac0000, 0x00000000f5560000)
  object space 60160K, 55% used [0x00000000e0000000,0x00000000e20ce2d8,0x00000000e3ac0000)
 PSPermGen       total 115264K, used 72441K [0x00000000d0000000, 0x00000000d7090000, 0x00000000e0000000)
  object space 115264K, 62% used [0x00000000d0000000,0x00000000d46be5e8,0x00000000d7090000)
GC Heap History (10 events):
Event: 10.023 GC heap before
{Heap before GC invocations=13 (full 1):
 PSYoungGen      total 74176K, used 65915K [0x00000000f5560000, 0x00000000fd890000, 0x0000000100000000)
  eden space 64832K, 100% used [0x00000000f5560000,0x00000000f94b0000,0x00000000f94b0000)
  from space 9344K, 11% used [0x00000000f94b0000,0x00000000f95bec78,0x00000000f9dd0000)
  to   space 15296K, 0% used [0x00000000fc9a0000,0x00000000fc9a0000,0x00000000fd890000)
 ParOldGen       total 60160K, used 35770K [0x00000000e0000000, 0x00000000e3ac0000, 0x00000000f5560000)
  object space 60160K, 59% used [0x00000000e0000000,0x00000000e22ee808,0x00000000e3ac0000)
 PSPermGen       total 87424K, used 56207K [0x00000000d0000000, 0x00000000d5560000, 0x00000000e0000000)
  object space 87424K, 64% used [0x00000000d0000000,0x00000000d36e3ff0,0x00000000d5560000)
Event: 10.052 GC heap after
Heap after GC invocations=13 (full 1):
 PSYoungGen      total 97600K, used 15289K [0x00000000f5560000, 0x00000000fd890000, 0x0000000100000000)
  eden space 82304K, 0% used [0x00000000f5560000,0x00000000f5560000,0x00000000fa5c0000)
  from space 15296K, 99% used [0x00000000fc9a0000,0x00000000fd88e490,0x00000000fd890000)
  to   space 18560K, 0% used [0x00000000fb450000,0x00000000fb450000,0x00000000fc670000)
 ParOldGen       total 60160K, used 38387K [0x00000000e0000000, 0x00000000e3ac0000, 0x00000000f5560000)
  object space 60160K, 63% used [0x00000000e0000000,0x00000000e257ccc0,0x00000000e3ac0000)
 PSPermGen       total 87424K, used 56207K [0x00000000d0000000, 0x00000000d5560000, 0x00000000e0000000)
  object space 87424K, 64% used [0x00000000d0000000,0x00000000d36e3ff0,0x00000000d5560000)
}
Event: 13.508 GC heap before
{Heap before GC invocations=14 (full 1):
 PSYoungGen      total 97600K, used 97593K [0x00000000f5560000, 0x00000000fd890000, 0x0000000100000000)
  eden space 82304K, 100% used [0x00000000f5560000,0x00000000fa5c0000,0x00000000fa5c0000)
  from space 15296K, 99% used [0x00000000fc9a0000,0x00000000fd88e490,0x00000000fd890000)
  to   space 18560K, 0% used [0x00000000fb450000,0x00000000fb450000,0x00000000fc670000)
 ParOldGen       total 60160K, used 38387K [0x00000000e0000000, 0x00000000e3ac0000, 0x00000000f5560000)
  object space 60160K, 63% used [0x00000000e0000000,0x00000000e257ccc0,0x00000000e3ac0000)
 PSPermGen       total 87424K, used 63156K [0x00000000d0000000, 0x00000000d5560000, 0x00000000e0000000)
  object space 87424K, 72% used [0x00000000d0000000,0x00000000d3dad0e8,0x00000000d5560000)
Event: 13.534 GC heap after
Heap after GC invocations=14 (full 1):
 PSYoungGen      total 115776K, used 14239K [0x00000000f5560000, 0x00000000fe020000, 0x0000000100000000)
  eden space 97216K, 0% used [0x00000000f5560000,0x00000000f5560000,0x00000000fb450000)
  from space 18560K, 76% used [0x00000000fb450000,0x00000000fc237df0,0x00000000fc670000)
  to   space 19776K, 0% used [0x00000000fccd0000,0x00000000fccd0000,0x00000000fe020000)
 ParOldGen       total 60160K, used 42749K [0x00000000e0000000, 0x00000000e3ac0000, 0x00000000f5560000)
  object space 60160K, 71% used [0x00000000e0000000,0x00000000e29bf708,0x00000000e3ac0000)
 PSPermGen       total 87424K, used 63156K [0x00000000d0000000, 0x00000000d5560000, 0x00000000e0000000)
  object space 87424K, 72% used [0x00000000d0000000,0x00000000d3dad0e8,0x00000000d5560000)
}
Event: 68.703 GC heap before
{Heap before GC invocations=15 (full 1):
 PSYoungGen      total 115776K, used 99339K [0x00000000f5560000, 0x00000000fe020000, 0x0000000100000000)
  eden space 97216K, 87% used [0x00000000f5560000,0x00000000fa87b020,0x00000000fb450000)
  from space 18560K, 76% used [0x00000000fb450000,0x00000000fc237df0,0x00000000fc670000)
  to   space 19776K, 0% used [0x00000000fccd0000,0x00000000fccd0000,0x00000000fe020000)
 ParOldGen       total 60160K, used 42749K [0x00000000e0000000, 0x00000000e3ac0000, 0x00000000f5560000)
  object space 60160K, 71% used [0x00000000e0000000,0x00000000e29bf708,0x00000000e3ac0000)
 PSPermGen       total 87424K, used 66131K [0x00000000d0000000, 0x00000000d5560000, 0x00000000e0000000)
  object space 87424K, 75% used [0x00000000d0000000,0x00000000d4094e78,0x00000000d5560000)
Event: 68.728 GC heap after
Heap after GC invocations=15 (full 1):
 PSYoungGen      total 121536K, used 10674K [0x00000000f5560000, 0x00000000fdf60000, 0x0000000100000000)
  eden space 102528K, 0% used [0x00000000f5560000,0x00000000f5560000,0x00000000fb980000)
  from space 19008K, 56% used [0x00000000fccd0000,0x00000000fd73c9d8,0x00000000fdf60000)
  to   space 19392K, 0% used [0x00000000fb980000,0x00000000fb980000,0x00000000fcc70000)
 ParOldGen       total 60160K, used 42749K [0x00000000e0000000, 0x00000000e3ac0000, 0x00000000f5560000)
  object space 60160K, 71% used [0x00000000e0000000,0x00000000e29bf708,0x00000000e3ac0000)
 PSPermGen       total 87424K, used 66131K [0x00000000d0000000, 0x00000000d5560000, 0x00000000e0000000)
  object space 87424K, 75% used [0x00000000d0000000,0x00000000d4094e78,0x00000000d5560000)
}
Event: 68.728 GC heap before
{Heap before GC invocations=16 (full 2):
 PSYoungGen      total 121536K, used 10674K [0x00000000f5560000, 0x00000000fdf60000, 0x0000000100000000)
  eden space 102528K, 0% used [0x00000000f5560000,0x00000000f5560000,0x00000000fb980000)
  from space 19008K, 56% used [0x00000000fccd0000,0x00000000fd73c9d8,0x00000000fdf60000)
  to   space 19392K, 0% used [0x00000000fb980000,0x00000000fb980000,0x00000000fcc70000)
 ParOldGen       total 60160K, used 42749K [0x00000000e0000000, 0x00000000e3ac0000, 0x00000000f5560000)
  object space 60160K, 71% used [0x00000000e0000000,0x00000000e29bf708,0x00000000e3ac0000)
 PSPermGen       total 87424K, used 66131K [0x00000000d0000000, 0x00000000d5560000, 0x00000000e0000000)
  object space 87424K, 75% used [0x00000000d0000000,0x00000000d4094e78,0x00000000d5560000)
Event: 68.931 GC heap after
Heap after GC invocations=16 (full 2):
 PSYoungGen      total 121536K, used 0K [0x00000000f5560000, 0x00000000fdf60000, 0x0000000100000000)
  eden space 102528K, 0% used [0x00000000f5560000,0x00000000f5560000,0x00000000fb980000)
  from space 19008K, 0% used [0x00000000fccd0000,0x00000000fccd0000,0x00000000fdf60000)
  to   space 19392K, 0% used [0x00000000fb980000,0x00000000fb980000,0x00000000fcc70000)
 ParOldGen       total 60160K, used 33592K [0x00000000e0000000, 0x00000000e3ac0000, 0x00000000f5560000)
  object space 60160K, 55% used [0x00000000e0000000,0x00000000e20ce2d8,0x00000000e3ac0000)
 PSPermGen       total 115264K, used 66122K [0x00000000d0000000, 0x00000000d7090000, 0x00000000e0000000)
  object space 115264K, 57% used [0x00000000d0000000,0x00000000d40929c0,0x00000000d7090000)
}
Event: 144.355 GC heap before
{Heap before GC invocations=17 (full 2):
 PSYoungGen      total 121536K, used 102528K [0x00000000f5560000, 0x00000000fdf60000, 0x0000000100000000)
  eden space 102528K, 100% used [0x00000000f5560000,0x00000000fb980000,0x00000000fb980000)
  from space 19008K, 0% used [0x00000000fccd0000,0x00000000fccd0000,0x00000000fdf60000)
  to   space 19392K, 0% used [0x00000000fb980000,0x00000000fb980000,0x00000000fcc70000)
 ParOldGen       total 60160K, used 33592K [0x00000000e0000000, 0x00000000e3ac0000, 0x00000000f5560000)
  object space 60160K, 55% used [0x00000000e0000000,0x00000000e20ce2d8,0x00000000e3ac0000)
 PSPermGen       total 115264K, used 71217K [0x00000000d0000000, 0x00000000d7090000, 0x00000000e0000000)
  object space 115264K, 61% used [0x00000000d0000000,0x00000000d458c5a0,0x00000000d7090000)
Event: 144.369 GC heap after
Heap after GC invocations=17 (full 2):
 PSYoungGen      total 121920K, used 13438K [0x00000000f5560000, 0x00000000ff540000, 0x0000000100000000)
  eden space 102528K, 0% used [0x00000000f5560000,0x00000000f5560000,0x00000000fb980000)
  from space 19392K, 69% used [0x00000000fb980000,0x00000000fc69f918,0x00000000fcc70000)
  to   space 20032K, 0% used [0x00000000fe1b0000,0x00000000fe1b0000,0x00000000ff540000)
 ParOldGen       total 60160K, used 33592K [0x00000000e0000000, 0x00000000e3ac0000, 0x00000000f5560000)
  object space 60160K, 55% used [0x00000000e0000000,0x00000000e20ce2d8,0x00000000e3ac0000)
 PSPermGen       total 115264K, used 71217K [0x00000000d0000000, 0x00000000d7090000, 0x00000000e0000000)
  object space 115264K, 61% used [0x00000000d0000000,0x00000000d458c5a0,0x00000000d7090000)
}

